Using pre-set license
Built from '2020.2/release' branch; Version is '2020.2.2f1 (068178b99f32) revision 426360'; Using compiler version '192528614'; Build Type 'Release'
OS: 'Windows 10 Pro; OS build 19042.1526; Version 2009; 64bit' Language: 'en' Physical Memory: 16313 MB
BatchMode: 1, IsHumanControllingUs: 0, StartBugReporterOnCrash: 0, Is64bit: 1, IsPro: 0

 COMMAND LINE ARGUMENTS:
C:\UnityBuilds\2020.2.2f1\Editor\Unity.exe
-adb2
-batchMode
-noUpm
-name
AssetImportWorker0
-projectPath
E:/GitHub/VR-circus-minigames
-logFile
Logs/AssetImportWorker0.log
-srvPort
56817
Successfully changed project path to: E:/GitHub/VR-circus-minigames
E:/GitHub/VR-circus-minigames
Using Asset Import Pipeline V2.
Refreshing native plugins compatible for Editor in 68.21 ms, found 4 plugins.
Preloading 1 native plugins for Editor in 0.77 ms.
Initialize engine version: 2020.2.2f1 (068178b99f32)
[Subsystems] Discovering subsystems at path C:/UnityBuilds/2020.2.2f1/Editor/Data/Resources/UnitySubsystems
[Subsystems] Discovering subsystems at path E:/GitHub/VR-circus-minigames/Assets
GfxDevice: creating device client; threaded=0
Direct3D:
    Version:  Direct3D 11.0 [level 11.1]
    Renderer: NVIDIA GeForce RTX 2060 SUPER (ID=0x1f06)
    Vendor:   
    VRAM:     8031 MB
    Driver:   30.0.14.9676
Shader 'Oculus/OVRMRCameraFrameLit': fallback shader 'Alpha-Diffuse' not found
Initialize mono
Mono path[0] = 'C:/UnityBuilds/2020.2.2f1/Editor/Data/Managed'
Mono path[1] = 'C:/UnityBuilds/2020.2.2f1/Editor/Data/MonoBleedingEdge/lib/mono/unityjit'
Mono config path = 'C:/UnityBuilds/2020.2.2f1/Editor/Data/MonoBleedingEdge/etc'
Using monoOptions --debugger-agent=transport=dt_socket,embedding=1,server=y,suspend=n,address=127.0.0.1:56808
Begin MonoManager ReloadAssembly
Registering precompiled unity dll's ...
Register platform support module: C:/UnityBuilds/2020.2.2f1/Editor/Data/PlaybackEngines/MacStandaloneSupport/UnityEditor.OSXStandalone.Extensions.dll
Register platform support module: C:/UnityBuilds/2020.2.2f1/Editor/Data/PlaybackEngines/WindowsStandaloneSupport/UnityEditor.WindowsStandalone.Extensions.dll
Register platform support module: C:/UnityBuilds/2020.2.2f1/Editor/Data/PlaybackEngines/LinuxStandaloneSupport/UnityEditor.LinuxStandalone.Extensions.dll
Registered in 0.005015 seconds.
Native extension for LinuxStandalone target not found
Native extension for WindowsStandalone target not found
Native extension for OSXStandalone target not found
Refreshing native plugins compatible for Editor in 70.83 ms, found 4 plugins.
Preloading 1 native plugins for Editor in 0.05 ms.
Invoked RoslynAnalysisRunner static constructor.
RoslynAnalysisRunner will not be running.
RoslynAnalysisRunner has terminated.
Mono: successfully reloaded assembly
- Completed reload, in  2.055 seconds
Platform modules already initialized, skipping
Registering precompiled user dll's ...
Registered in 0.002021 seconds.
Begin MonoManager ReloadAssembly
Native extension for LinuxStandalone target not found
Native extension for WindowsStandalone target not found
Native extension for OSXStandalone target not found
Refreshing native plugins compatible for Editor in 0.79 ms, found 4 plugins.
Preloading 1 native plugins for Editor in 0.06 ms.
Invoked RoslynAnalysisRunner static constructor.
RoslynAnalysisRunner will not be running.
RoslynAnalysisRunner has terminated.
[XR] OculusXRPlugin: registering subsystems
[XR] Unable to register display lifecyle provider: [1]
[XR] Oculus Input lifecycle provider registered.
[XR] Unable to register input lifecyle provider: [1]
[XR] OVRP version 1.52.0
Mono: successfully reloaded assembly
- Completed reload, in  0.892 seconds
Platform modules already initialized, skipping
========================================================================
Worker process is ready to serve import requests
Shader 'Oculus/OVRMRCameraFrameLit': fallback shader 'Alpha-Diffuse' not found
Launched and connected shader compiler UnityShaderCompiler.exe after 0.05 seconds
Refreshing native plugins compatible for Editor in 1.07 ms, found 4 plugins.
Preloading 1 native plugins for Editor in 0.05 ms.
Unloading 2133 Unused Serialized files (Serialized files now loaded: 0)
System memory in use before: 105.9 MB.
System memory in use after: 106.0 MB.

Unloading 35 unused Assets to reduce memory usage. Loaded Objects now: 2559.
Total: 2.439900 ms (FindLiveObjects: 0.319400 ms CreateObjectMapping: 0.057900 ms MarkObjects: 1.929400 ms  DeleteObjects: 0.131600 ms)

========================================================================
Received Import Request.
  path: Assets/Scripts/HandUI/HandUIMainMenuBtn.cs
  artifactKey: Guid(da520662fb86173409c365fed94175ae) Importer(815301076,1909f56bfc062723c751e8b465ee728b)
Start importing Assets/Scripts/HandUI/HandUIMainMenuBtn.cs using Guid(da520662fb86173409c365fed94175ae) Importer(815301076,1909f56bfc062723c751e8b465ee728b)  -> (artifact id: '24e1adb06a3a961f3ce848bb2d25682d') in 0.030970 seconds
  Import took 0.036214 seconds .

========================================================================
Received Import Request.
  Time since last request: 435.244999 seconds.
  path: Assets/Scenes/Title.unity
  artifactKey: Guid(56cf0a1d1db233a4db059f3f0d5c7a2c) Importer(815301076,1909f56bfc062723c751e8b465ee728b)
Start importing Assets/Scenes/Title.unity using Guid(56cf0a1d1db233a4db059f3f0d5c7a2c) Importer(815301076,1909f56bfc062723c751e8b465ee728b)  -> (artifact id: 'b64d7761540cf318a872888af3e99a43') in 0.009387 seconds
  Import took 0.014884 seconds .

========================================================================
Received Import Request.
  Time since last request: 6.063996 seconds.
  path: Assets/Scenes/Test.unity
  artifactKey: Guid(ebbb222486620b84686d3ffa13738e60) Importer(815301076,1909f56bfc062723c751e8b465ee728b)
Start importing Assets/Scenes/Test.unity using Guid(ebbb222486620b84686d3ffa13738e60) Importer(815301076,1909f56bfc062723c751e8b465ee728b)  -> (artifact id: 'bc27a915046f2c32092dc80d252f77db') in 0.001916 seconds
  Import took 0.007083 seconds .

========================================================================
Received Prepare
Registering precompiled user dll's ...
Registered in 0.001868 seconds.
Begin MonoManager ReloadAssembly
Native extension for LinuxStandalone target not found
Native extension for WindowsStandalone target not found
Native extension for OSXStandalone target not found
Refreshing native plugins compatible for Editor in 0.75 ms, found 4 plugins.
Preloading 1 native plugins for Editor in 0.04 ms.
Invoked RoslynAnalysisRunner static constructor.
RoslynAnalysisRunner will not be running.
RoslynAnalysisRunner has terminated.
Mono: successfully reloaded assembly
- Completed reload, in  0.761 seconds
Platform modules already initialized, skipping
Shader 'Oculus/OVRMRCameraFrameLit': fallback shader 'Alpha-Diffuse' not found
Refreshing native plugins compatible for Editor in 0.78 ms, found 4 plugins.
Preloading 1 native plugins for Editor in 0.04 ms.
Unloading 2034 Unused Serialized files (Serialized files now loaded: 0)
System memory in use before: 99.1 MB.
System memory in use after: 99.2 MB.

Unloading 30 unused Assets to reduce memory usage. Loaded Objects now: 2562.
Total: 2.306900 ms (FindLiveObjects: 0.224000 ms CreateObjectMapping: 0.053700 ms MarkObjects: 1.931200 ms  DeleteObjects: 0.096900 ms)

========================================================================
Received Import Request.
  Time since last request: 173.777509 seconds.
  path: Assets/Scripts/HandUI/HandUIRestartBtn.cs
  artifactKey: Guid(eac9c059efe6aee48903d12e75775c5f) Importer(815301076,1909f56bfc062723c751e8b465ee728b)
Start importing Assets/Scripts/HandUI/HandUIRestartBtn.cs using Guid(eac9c059efe6aee48903d12e75775c5f) Importer(815301076,1909f56bfc062723c751e8b465ee728b)  -> (artifact id: '74ceb07a8bd16313cd75240e90af0e25') in 0.005424 seconds
  Import took 0.011073 seconds .

========================================================================
Received Prepare
Registering precompiled user dll's ...
Registered in 0.001885 seconds.
Begin MonoManager ReloadAssembly
Native extension for LinuxStandalone target not found
Native extension for WindowsStandalone target not found
Native extension for OSXStandalone target not found
Refreshing native plugins compatible for Editor in 0.78 ms, found 4 plugins.
Preloading 1 native plugins for Editor in 0.04 ms.
Invoked RoslynAnalysisRunner static constructor.
RoslynAnalysisRunner will not be running.
RoslynAnalysisRunner has terminated.
Mono: successfully reloaded assembly
- Completed reload, in  0.772 seconds
Platform modules already initialized, skipping
Shader 'Oculus/OVRMRCameraFrameLit': fallback shader 'Alpha-Diffuse' not found
Refreshing native plugins compatible for Editor in 0.87 ms, found 4 plugins.
Preloading 1 native plugins for Editor in 0.06 ms.
Unloading 2035 Unused Serialized files (Serialized files now loaded: 0)
System memory in use before: 100.2 MB.
System memory in use after: 100.3 MB.

Unloading 30 unused Assets to reduce memory usage. Loaded Objects now: 2566.
Total: 2.969300 ms (FindLiveObjects: 0.397400 ms CreateObjectMapping: 0.085800 ms MarkObjects: 2.398500 ms  DeleteObjects: 0.086200 ms)

========================================================================
Received Import Request.
  Time since last request: 4.123387 seconds.
  path: Assets/Scripts/HandUI/HandUIMainMenuBtn.cs
  artifactKey: Guid(da520662fb86173409c365fed94175ae) Importer(815301076,1909f56bfc062723c751e8b465ee728b)
Start importing Assets/Scripts/HandUI/HandUIMainMenuBtn.cs using Guid(da520662fb86173409c365fed94175ae) Importer(815301076,1909f56bfc062723c751e8b465ee728b)  -> (artifact id: '1df33f46cb0692d0c68eb991e42cc1f8') in 0.004599 seconds
  Import took 0.009845 seconds .

========================================================================
Received Prepare
Registering precompiled user dll's ...
Registered in 0.001831 seconds.
Begin MonoManager ReloadAssembly
Native extension for LinuxStandalone target not found
Native extension for WindowsStandalone target not found
Native extension for OSXStandalone target not found
Refreshing native plugins compatible for Editor in 0.78 ms, found 4 plugins.
Preloading 1 native plugins for Editor in 0.04 ms.
Invoked RoslynAnalysisRunner static constructor.
RoslynAnalysisRunner will not be running.
RoslynAnalysisRunner has terminated.
Mono: successfully reloaded assembly
- Completed reload, in  0.751 seconds
Platform modules already initialized, skipping
Shader 'Oculus/OVRMRCameraFrameLit': fallback shader 'Alpha-Diffuse' not found
Refreshing native plugins compatible for Editor in 0.75 ms, found 4 plugins.
Preloading 1 native plugins for Editor in 0.04 ms.
Unloading 2035 Unused Serialized files (Serialized files now loaded: 0)
System memory in use before: 100.2 MB.
System memory in use after: 100.3 MB.

Unloading 30 unused Assets to reduce memory usage. Loaded Objects now: 2569.
Total: 2.254300 ms (FindLiveObjects: 0.221700 ms CreateObjectMapping: 0.054200 ms MarkObjects: 1.883300 ms  DeleteObjects: 0.093900 ms)

========================================================================
Received Prepare
Registering precompiled user dll's ...
Registered in 0.001951 seconds.
Begin MonoManager ReloadAssembly
Native extension for LinuxStandalone target not found
Native extension for WindowsStandalone target not found
Native extension for OSXStandalone target not found
Refreshing native plugins compatible for Editor in 0.74 ms, found 4 plugins.
Preloading 1 native plugins for Editor in 0.04 ms.
Invoked RoslynAnalysisRunner static constructor.
RoslynAnalysisRunner will not be running.
RoslynAnalysisRunner has terminated.
Mono: successfully reloaded assembly
- Completed reload, in  0.747 seconds
Platform modules already initialized, skipping
Shader 'Oculus/OVRMRCameraFrameLit': fallback shader 'Alpha-Diffuse' not found
Refreshing native plugins compatible for Editor in 0.76 ms, found 4 plugins.
Preloading 1 native plugins for Editor in 0.04 ms.
Unloading 2035 Unused Serialized files (Serialized files now loaded: 0)
System memory in use before: 100.2 MB.
System memory in use after: 100.3 MB.

Unloading 30 unused Assets to reduce memory usage. Loaded Objects now: 2572.
Total: 1.958300 ms (FindLiveObjects: 0.257600 ms CreateObjectMapping: 0.055400 ms MarkObjects: 1.557100 ms  DeleteObjects: 0.087300 ms)

========================================================================
Received Prepare
Registering precompiled user dll's ...
Registered in 0.002067 seconds.
Begin MonoManager ReloadAssembly
Native extension for LinuxStandalone target not found
Native extension for WindowsStandalone target not found
Native extension for OSXStandalone target not found
Refreshing native plugins compatible for Editor in 0.84 ms, found 4 plugins.
Preloading 1 native plugins for Editor in 0.06 ms.
Invoked RoslynAnalysisRunner static constructor.
RoslynAnalysisRunner will not be running.
RoslynAnalysisRunner has terminated.
Mono: successfully reloaded assembly
- Completed reload, in  0.744 seconds
Platform modules already initialized, skipping
Shader 'Oculus/OVRMRCameraFrameLit': fallback shader 'Alpha-Diffuse' not found
Refreshing native plugins compatible for Editor in 0.76 ms, found 4 plugins.
Preloading 1 native plugins for Editor in 0.04 ms.
Unloading 2035 Unused Serialized files (Serialized files now loaded: 0)
System memory in use before: 100.1 MB.
System memory in use after: 100.2 MB.

Unloading 30 unused Assets to reduce memory usage. Loaded Objects now: 2575.
Total: 2.102700 ms (FindLiveObjects: 0.225300 ms CreateObjectMapping: 0.054100 ms MarkObjects: 1.701900 ms  DeleteObjects: 0.120400 ms)

========================================================================
Received Prepare
Registering precompiled user dll's ...
Registered in 0.001782 seconds.
Begin MonoManager ReloadAssembly
Native extension for LinuxStandalone target not found
Native extension for WindowsStandalone target not found
Native extension for OSXStandalone target not found
Refreshing native plugins compatible for Editor in 0.75 ms, found 4 plugins.
Preloading 1 native plugins for Editor in 0.04 ms.
Invoked RoslynAnalysisRunner static constructor.
RoslynAnalysisRunner will not be running.
RoslynAnalysisRunner has terminated.
Mono: successfully reloaded assembly
- Completed reload, in  0.739 seconds
Platform modules already initialized, skipping
Shader 'Oculus/OVRMRCameraFrameLit': fallback shader 'Alpha-Diffuse' not found
Refreshing native plugins compatible for Editor in 0.74 ms, found 4 plugins.
Preloading 1 native plugins for Editor in 0.04 ms.
Unloading 2035 Unused Serialized files (Serialized files now loaded: 0)
System memory in use before: 100.2 MB.
System memory in use after: 100.3 MB.

Unloading 30 unused Assets to reduce memory usage. Loaded Objects now: 2578.
Total: 2.008500 ms (FindLiveObjects: 0.265500 ms CreateObjectMapping: 0.056500 ms MarkObjects: 1.604600 ms  DeleteObjects: 0.081100 ms)

========================================================================
Received Prepare
Registering precompiled user dll's ...
Registered in 0.002535 seconds.
Begin MonoManager ReloadAssembly
Native extension for LinuxStandalone target not found
Native extension for WindowsStandalone target not found
Native extension for OSXStandalone target not found
Refreshing native plugins compatible for Editor in 0.85 ms, found 4 plugins.
Preloading 1 native plugins for Editor in 0.05 ms.
Invoked RoslynAnalysisRunner static constructor.
RoslynAnalysisRunner will not be running.
RoslynAnalysisRunner has terminated.
Mono: successfully reloaded assembly
- Completed reload, in  0.815 seconds
Platform modules already initialized, skipping
Shader 'Oculus/OVRMRCameraFrameLit': fallback shader 'Alpha-Diffuse' not found
Refreshing native plugins compatible for Editor in 0.86 ms, found 4 plugins.
Preloading 1 native plugins for Editor in 0.05 ms.
Unloading 2035 Unused Serialized files (Serialized files now loaded: 0)
System memory in use before: 100.2 MB.
System memory in use after: 100.3 MB.

Unloading 30 unused Assets to reduce memory usage. Loaded Objects now: 2581.
Total: 2.183600 ms (FindLiveObjects: 0.291700 ms CreateObjectMapping: 0.058400 ms MarkObjects: 1.743100 ms  DeleteObjects: 0.089400 ms)

========================================================================
Received Prepare
Registering precompiled user dll's ...
Registered in 0.002007 seconds.
Begin MonoManager ReloadAssembly
Native extension for LinuxStandalone target not found
Native extension for WindowsStandalone target not found
Native extension for OSXStandalone target not found
Refreshing native plugins compatible for Editor in 0.77 ms, found 4 plugins.
Preloading 1 native plugins for Editor in 0.04 ms.
Invoked RoslynAnalysisRunner static constructor.
RoslynAnalysisRunner will not be running.
RoslynAnalysisRunner has terminated.
Mono: successfully reloaded assembly
- Completed reload, in  0.779 seconds
Platform modules already initialized, skipping
Shader 'Oculus/OVRMRCameraFrameLit': fallback shader 'Alpha-Diffuse' not found
Refreshing native plugins compatible for Editor in 0.76 ms, found 4 plugins.
Preloading 1 native plugins for Editor in 0.04 ms.
Unloading 2035 Unused Serialized files (Serialized files now loaded: 0)
System memory in use before: 100.3 MB.
System memory in use after: 100.3 MB.

Unloading 30 unused Assets to reduce memory usage. Loaded Objects now: 2584.
Total: 2.319100 ms (FindLiveObjects: 0.397900 ms CreateObjectMapping: 0.074600 ms MarkObjects: 1.737100 ms  DeleteObjects: 0.108600 ms)

========================================================================
Received Prepare
Registering precompiled user dll's ...
Registered in 0.002654 seconds.
Begin MonoManager ReloadAssembly
Native extension for LinuxStandalone target not found
Native extension for WindowsStandalone target not found
Native extension for OSXStandalone target not found
Refreshing native plugins compatible for Editor in 0.77 ms, found 4 plugins.
Preloading 1 native plugins for Editor in 0.05 ms.
Invoked RoslynAnalysisRunner static constructor.
RoslynAnalysisRunner will not be running.
RoslynAnalysisRunner has terminated.
Mono: successfully reloaded assembly
- Completed reload, in  0.751 seconds
Platform modules already initialized, skipping
Shader 'Oculus/OVRMRCameraFrameLit': fallback shader 'Alpha-Diffuse' not found
Refreshing native plugins compatible for Editor in 0.77 ms, found 4 plugins.
Preloading 1 native plugins for Editor in 0.04 ms.
Unloading 2035 Unused Serialized files (Serialized files now loaded: 0)
System memory in use before: 100.3 MB.
System memory in use after: 100.3 MB.

Unloading 30 unused Assets to reduce memory usage. Loaded Objects now: 2587.
Total: 2.043100 ms (FindLiveObjects: 0.260100 ms CreateObjectMapping: 0.055600 ms MarkObjects: 1.637200 ms  DeleteObjects: 0.089100 ms)

========================================================================
Received Import Request.
  Time since last request: 2434.699001 seconds.
  path: Assets/Scripts/Selectable.cs
  artifactKey: Guid(869d629177f18074f8769c39feb6eb36) Importer(815301076,1909f56bfc062723c751e8b465ee728b)
Start importing Assets/Scripts/Selectable.cs using Guid(869d629177f18074f8769c39feb6eb36) Importer(815301076,1909f56bfc062723c751e8b465ee728b)  -> (artifact id: 'c7e19a7742f2cd1f02bbb4d096953b54') in 0.006980 seconds
  Import took 0.011081 seconds .

========================================================================
Received Import Request.
  Time since last request: 0.006484 seconds.
  path: Assets/Scripts/Selectable.cs
  artifactKey: Guid(869d629177f18074f8769c39feb6eb36) Importer(815301076,1909f56bfc062723c751e8b465ee728b)
Start importing Assets/Scripts/Selectable.cs using Guid(869d629177f18074f8769c39feb6eb36) Importer(815301076,1909f56bfc062723c751e8b465ee728b)  -> (artifact id: 'c7e19a7742f2cd1f02bbb4d096953b54') in 0.001419 seconds
  Import took 0.004634 seconds .

========================================================================
Received Prepare
Registering precompiled user dll's ...
Registered in 0.002001 seconds.
Begin MonoManager ReloadAssembly
Native extension for LinuxStandalone target not found
Native extension for WindowsStandalone target not found
Native extension for OSXStandalone target not found
Refreshing native plugins compatible for Editor in 0.75 ms, found 4 plugins.
Preloading 1 native plugins for Editor in 0.04 ms.
Invoked RoslynAnalysisRunner static constructor.
RoslynAnalysisRunner will not be running.
RoslynAnalysisRunner has terminated.
Mono: successfully reloaded assembly
- Completed reload, in  0.741 seconds
Platform modules already initialized, skipping
Shader 'Oculus/OVRMRCameraFrameLit': fallback shader 'Alpha-Diffuse' not found
Refreshing native plugins compatible for Editor in 0.75 ms, found 4 plugins.
Preloading 1 native plugins for Editor in 0.04 ms.
Unloading 2035 Unused Serialized files (Serialized files now loaded: 0)
System memory in use before: 100.2 MB.
System memory in use after: 100.3 MB.

Unloading 30 unused Assets to reduce memory usage. Loaded Objects now: 2590.
Total: 2.015200 ms (FindLiveObjects: 0.262500 ms CreateObjectMapping: 0.057300 ms MarkObjects: 1.603500 ms  DeleteObjects: 0.090900 ms)

========================================================================
Received Import Request.
  Time since last request: 52.311086 seconds.
  path: Assets/Scripts/Selectable.cs
  artifactKey: Guid(869d629177f18074f8769c39feb6eb36) Importer(815301076,1909f56bfc062723c751e8b465ee728b)
Start importing Assets/Scripts/Selectable.cs using Guid(869d629177f18074f8769c39feb6eb36) Importer(815301076,1909f56bfc062723c751e8b465ee728b)  -> (artifact id: '930f89db87a6b6c4445db8a9eea9880d') in 0.004353 seconds
  Import took 0.009306 seconds .

========================================================================
Received Import Request.
  Time since last request: 0.494153 seconds.
  path: Assets/Scripts/HandUI/HandUI.cs
  artifactKey: Guid(c89ad1a2812e96f41b8f09537e029748) Importer(815301076,1909f56bfc062723c751e8b465ee728b)
Start importing Assets/Scripts/HandUI/HandUI.cs using Guid(c89ad1a2812e96f41b8f09537e029748) Importer(815301076,1909f56bfc062723c751e8b465ee728b)  -> (artifact id: 'ef7b015e1c554a658ad220e153d1c9a8') in 0.001427 seconds
  Import took 0.006199 seconds .

========================================================================
Received Import Request.
  Time since last request: 0.000994 seconds.
  path: Assets/Scripts/HandUI/HandUI.cs
  artifactKey: Guid(c89ad1a2812e96f41b8f09537e029748) Importer(815301076,1909f56bfc062723c751e8b465ee728b)
Start importing Assets/Scripts/HandUI/HandUI.cs using Guid(c89ad1a2812e96f41b8f09537e029748) Importer(815301076,1909f56bfc062723c751e8b465ee728b)  -> (artifact id: 'ef7b015e1c554a658ad220e153d1c9a8') in 0.001314 seconds
  Import took 0.003648 seconds .

========================================================================
Received Import Request.
  Time since last request: 2.215681 seconds.
  path: Assets/Scripts/HandUI/HandUIItem.cs
  artifactKey: Guid(cb6078958aca5c549a11550be4ebaaf5) Importer(815301076,1909f56bfc062723c751e8b465ee728b)
Start importing Assets/Scripts/HandUI/HandUIItem.cs using Guid(cb6078958aca5c549a11550be4ebaaf5) Importer(815301076,1909f56bfc062723c751e8b465ee728b)  -> (artifact id: 'ebeed0f3c5d4aab62c2b748b3de7e73c') in 0.001614 seconds
  Import took 0.006479 seconds .

========================================================================
Received Import Request.
  Time since last request: 0.002042 seconds.
  path: Assets/Scripts/HandUI/HandUIItem.cs
  artifactKey: Guid(cb6078958aca5c549a11550be4ebaaf5) Importer(815301076,1909f56bfc062723c751e8b465ee728b)
Start importing Assets/Scripts/HandUI/HandUIItem.cs using Guid(cb6078958aca5c549a11550be4ebaaf5) Importer(815301076,1909f56bfc062723c751e8b465ee728b)  -> (artifact id: 'ebeed0f3c5d4aab62c2b748b3de7e73c') in 0.001310 seconds
  Import took 0.003925 seconds .

========================================================================
Received Prepare
Registering precompiled user dll's ...
Registered in 0.002257 seconds.
Begin MonoManager ReloadAssembly
Native extension for LinuxStandalone target not found
Native extension for WindowsStandalone target not found
Native extension for OSXStandalone target not found
Refreshing native plugins compatible for Editor in 1.09 ms, found 4 plugins.
Preloading 1 native plugins for Editor in 0.08 ms.
Invoked RoslynAnalysisRunner static constructor.
RoslynAnalysisRunner will not be running.
RoslynAnalysisRunner has terminated.
Mono: successfully reloaded assembly
- Completed reload, in  0.764 seconds
Platform modules already initialized, skipping
Shader 'Oculus/OVRMRCameraFrameLit': fallback shader 'Alpha-Diffuse' not found
Refreshing native plugins compatible for Editor in 0.78 ms, found 4 plugins.
Preloading 1 native plugins for Editor in 0.04 ms.
Unloading 2035 Unused Serialized files (Serialized files now loaded: 0)
System memory in use before: 100.3 MB.
System memory in use after: 100.4 MB.

Unloading 30 unused Assets to reduce memory usage. Loaded Objects now: 2593.
Total: 2.183500 ms (FindLiveObjects: 0.244100 ms CreateObjectMapping: 0.059200 ms MarkObjects: 1.779200 ms  DeleteObjects: 0.099800 ms)

========================================================================
Received Import Request.
  Time since last request: 515.146699 seconds.
  path: Assets/Scripts/HandUI/HandUIItem.cs
  artifactKey: Guid(cb6078958aca5c549a11550be4ebaaf5) Importer(815301076,1909f56bfc062723c751e8b465ee728b)
Start importing Assets/Scripts/HandUI/HandUIItem.cs using Guid(cb6078958aca5c549a11550be4ebaaf5) Importer(815301076,1909f56bfc062723c751e8b465ee728b)  -> (artifact id: '2f6b3836902a6275fa81f9301250c867') in 0.004403 seconds
  Import took 0.007488 seconds .

========================================================================
Received Prepare
Registering precompiled user dll's ...
Registered in 0.002836 seconds.
Begin MonoManager ReloadAssembly
Native extension for LinuxStandalone target not found
Native extension for WindowsStandalone target not found
Native extension for OSXStandalone target not found
Refreshing native plugins compatible for Editor in 0.81 ms, found 4 plugins.
Preloading 1 native plugins for Editor in 0.04 ms.
Invoked RoslynAnalysisRunner static constructor.
RoslynAnalysisRunner will not be running.
RoslynAnalysisRunner has terminated.
Mono: successfully reloaded assembly
- Completed reload, in  0.823 seconds
Platform modules already initialized, skipping
Shader 'Oculus/OVRMRCameraFrameLit': fallback shader 'Alpha-Diffuse' not found
Refreshing native plugins compatible for Editor in 0.75 ms, found 4 plugins.
Preloading 1 native plugins for Editor in 0.04 ms.
Unloading 2035 Unused Serialized files (Serialized files now loaded: 0)
System memory in use before: 100.3 MB.
System memory in use after: 100.4 MB.

Unloading 30 unused Assets to reduce memory usage. Loaded Objects now: 2596.
Total: 2.136100 ms (FindLiveObjects: 0.308800 ms CreateObjectMapping: 0.060100 ms MarkObjects: 1.654500 ms  DeleteObjects: 0.111000 ms)

========================================================================
Received Prepare
Registering precompiled user dll's ...
Registered in 0.001828 seconds.
Begin MonoManager ReloadAssembly
Native extension for LinuxStandalone target not found
Native extension for WindowsStandalone target not found
Native extension for OSXStandalone target not found
Refreshing native plugins compatible for Editor in 0.77 ms, found 4 plugins.
Preloading 1 native plugins for Editor in 0.04 ms.
Invoked RoslynAnalysisRunner static constructor.
RoslynAnalysisRunner will not be running.
RoslynAnalysisRunner has terminated.
Mono: successfully reloaded assembly
- Completed reload, in  0.742 seconds
Platform modules already initialized, skipping
Shader 'Oculus/OVRMRCameraFrameLit': fallback shader 'Alpha-Diffuse' not found
Refreshing native plugins compatible for Editor in 1.11 ms, found 4 plugins.
Preloading 1 native plugins for Editor in 0.06 ms.
Unloading 2035 Unused Serialized files (Serialized files now loaded: 0)
System memory in use before: 100.3 MB.
System memory in use after: 100.4 MB.

Unloading 30 unused Assets to reduce memory usage. Loaded Objects now: 2599.
Total: 3.158900 ms (FindLiveObjects: 0.277300 ms CreateObjectMapping: 0.055400 ms MarkObjects: 2.692700 ms  DeleteObjects: 0.132300 ms)

========================================================================
Received Prepare
Registering precompiled user dll's ...
Registered in 0.001890 seconds.
Begin MonoManager ReloadAssembly
Native extension for LinuxStandalone target not found
Native extension for WindowsStandalone target not found
Native extension for OSXStandalone target not found
Refreshing native plugins compatible for Editor in 0.81 ms, found 4 plugins.
Preloading 1 native plugins for Editor in 0.04 ms.
Invoked RoslynAnalysisRunner static constructor.
RoslynAnalysisRunner will not be running.
RoslynAnalysisRunner has terminated.
Mono: successfully reloaded assembly
- Completed reload, in  0.783 seconds
Platform modules already initialized, skipping
Shader 'Oculus/OVRMRCameraFrameLit': fallback shader 'Alpha-Diffuse' not found
Refreshing native plugins compatible for Editor in 0.75 ms, found 4 plugins.
Preloading 1 native plugins for Editor in 0.04 ms.
Unloading 2035 Unused Serialized files (Serialized files now loaded: 0)
System memory in use before: 100.3 MB.
System memory in use after: 100.4 MB.

Unloading 30 unused Assets to reduce memory usage. Loaded Objects now: 2602.
Total: 2.522200 ms (FindLiveObjects: 0.310300 ms CreateObjectMapping: 0.059300 ms MarkObjects: 2.021800 ms  DeleteObjects: 0.129600 ms)

========================================================================
Received Import Request.
  Time since last request: 408.351281 seconds.
  path: Assets/Prefabs
  artifactKey: Guid(22764f5ccf5ab304d93197b0c07f8d44) Importer(815301076,1909f56bfc062723c751e8b465ee728b)
Start importing Assets/Prefabs using Guid(22764f5ccf5ab304d93197b0c07f8d44) Importer(815301076,1909f56bfc062723c751e8b465ee728b)  -> (artifact id: 'a92bc794755476bacc103cf4241c95c4') in 0.004435 seconds
  Import took 0.007820 seconds .

========================================================================
Received Import Request.
  Time since last request: 0.071638 seconds.
  path: Assets/Prefabs/Ball.prefab
  artifactKey: Guid(7555fbc37af77364fb7b2d0b2a05b860) Importer(815301076,1909f56bfc062723c751e8b465ee728b)
Start importing Assets/Prefabs/Ball.prefab using Guid(7555fbc37af77364fb7b2d0b2a05b860) Importer(815301076,1909f56bfc062723c751e8b465ee728b)  -> (artifact id: '87116d81ad4a40e7298887b469188c91') in 0.087428 seconds
  Import took 0.092410 seconds .

========================================================================
Received Import Request.
  Time since last request: 0.000243 seconds.
  path: Assets/Prefabs/Player.prefab
  artifactKey: Guid(a907418fac069f9469c79f816a86b497) Importer(815301076,1909f56bfc062723c751e8b465ee728b)
Start importing Assets/Prefabs/Player.prefab using Guid(a907418fac069f9469c79f816a86b497) Importer(815301076,1909f56bfc062723c751e8b465ee728b)  -> (artifact id: '0f1f9bf47e14238bd30dab733f02f373') in 0.121300 seconds
  Import took 0.127083 seconds .

========================================================================
Received Import Request.
  Time since last request: 0.000240 seconds.
  path: Assets/Prefabs/TableObjects.prefab
  artifactKey: Guid(8edd0e38f08788145819bde2d619be35) Importer(815301076,1909f56bfc062723c751e8b465ee728b)
Start importing Assets/Prefabs/TableObjects.prefab using Guid(8edd0e38f08788145819bde2d619be35) Importer(815301076,1909f56bfc062723c751e8b465ee728b)  -> (artifact id: '6accf2ed4781b0a3bbf292bc09785d17') in 0.019041 seconds
  Import took 0.022624 seconds .

========================================================================
Received Import Request.
  Time since last request: 0.000458 seconds.
  path: Assets/Prefabs/TableObjects.prefab
  artifactKey: Guid(8edd0e38f08788145819bde2d619be35) Importer(815301076,1909f56bfc062723c751e8b465ee728b)
Start importing Assets/Prefabs/TableObjects.prefab using Guid(8edd0e38f08788145819bde2d619be35) Importer(815301076,1909f56bfc062723c751e8b465ee728b)  -> (artifact id: '6accf2ed4781b0a3bbf292bc09785d17') in 0.011629 seconds
  Import took 0.016116 seconds .

========================================================================
Received Prepare
Registering precompiled user dll's ...
Registered in 0.002191 seconds.
Begin MonoManager ReloadAssembly
Native extension for LinuxStandalone target not found
Native extension for WindowsStandalone target not found
Native extension for OSXStandalone target not found
Refreshing native plugins compatible for Editor in 0.89 ms, found 4 plugins.
Preloading 1 native plugins for Editor in 0.04 ms.
Invoked RoslynAnalysisRunner static constructor.
RoslynAnalysisRunner will not be running.
RoslynAnalysisRunner has terminated.
Mono: successfully reloaded assembly
- Completed reload, in  0.733 seconds
Platform modules already initialized, skipping
Shader 'Oculus/OVRMRCameraFrameLit': fallback shader 'Alpha-Diffuse' not found
Refreshing native plugins compatible for Editor in 0.77 ms, found 4 plugins.
Preloading 1 native plugins for Editor in 0.04 ms.
Unloading 2035 Unused Serialized files (Serialized files now loaded: 0)
System memory in use before: 114.3 MB.
System memory in use after: 114.4 MB.

Unloading 32 unused Assets to reduce memory usage. Loaded Objects now: 2617.
Total: 2.145600 ms (FindLiveObjects: 0.264100 ms CreateObjectMapping: 0.055600 ms MarkObjects: 1.725300 ms  DeleteObjects: 0.099600 ms)

========================================================================
Received Prepare
Registering precompiled user dll's ...
Registered in 0.001884 seconds.
Begin MonoManager ReloadAssembly
Native extension for LinuxStandalone target not found
Native extension for WindowsStandalone target not found
Native extension for OSXStandalone target not found
Refreshing native plugins compatible for Editor in 0.78 ms, found 4 plugins.
Preloading 1 native plugins for Editor in 0.04 ms.
Invoked RoslynAnalysisRunner static constructor.
RoslynAnalysisRunner will not be running.
RoslynAnalysisRunner has terminated.
Mono: successfully reloaded assembly
- Completed reload, in  0.718 seconds
Platform modules already initialized, skipping
Shader 'Oculus/OVRMRCameraFrameLit': fallback shader 'Alpha-Diffuse' not found
Refreshing native plugins compatible for Editor in 0.82 ms, found 4 plugins.
Preloading 1 native plugins for Editor in 0.04 ms.
Unloading 2035 Unused Serialized files (Serialized files now loaded: 0)
System memory in use before: 114.5 MB.
System memory in use after: 114.6 MB.

Unloading 30 unused Assets to reduce memory usage. Loaded Objects now: 2620.
Total: 2.072100 ms (FindLiveObjects: 0.240300 ms CreateObjectMapping: 0.066600 ms MarkObjects: 1.669900 ms  DeleteObjects: 0.094200 ms)

========================================================================
Received Prepare
Registering precompiled user dll's ...
Registered in 0.002014 seconds.
Begin MonoManager ReloadAssembly
Native extension for LinuxStandalone target not found
Native extension for WindowsStandalone target not found
Native extension for OSXStandalone target not found
Refreshing native plugins compatible for Editor in 0.85 ms, found 4 plugins.
Preloading 1 native plugins for Editor in 0.05 ms.
Invoked RoslynAnalysisRunner static constructor.
RoslynAnalysisRunner will not be running.
RoslynAnalysisRunner has terminated.
Mono: successfully reloaded assembly
- Completed reload, in  0.763 seconds
Platform modules already initialized, skipping
Shader 'Oculus/OVRMRCameraFrameLit': fallback shader 'Alpha-Diffuse' not found
Refreshing native plugins compatible for Editor in 0.75 ms, found 4 plugins.
Preloading 1 native plugins for Editor in 0.04 ms.
Unloading 2035 Unused Serialized files (Serialized files now loaded: 0)
System memory in use before: 114.5 MB.
System memory in use after: 114.6 MB.

Unloading 30 unused Assets to reduce memory usage. Loaded Objects now: 2623.
Total: 2.166600 ms (FindLiveObjects: 0.303100 ms CreateObjectMapping: 0.058200 ms MarkObjects: 1.717000 ms  DeleteObjects: 0.086600 ms)

========================================================================
Received Import Request.
  Time since last request: 485.520135 seconds.
  path: Assets/Prefabs/Player.prefab
  artifactKey: Guid(a907418fac069f9469c79f816a86b497) Importer(815301076,1909f56bfc062723c751e8b465ee728b)
Start importing Assets/Prefabs/Player.prefab using Guid(a907418fac069f9469c79f816a86b497) Importer(815301076,1909f56bfc062723c751e8b465ee728b)  -> (artifact id: 'a964fbe52aaf16cffda9d19305b069a5') in 0.151372 seconds
  Import took 0.156594 seconds .

========================================================================
Received Import Request.
  Time since last request: 25.903129 seconds.
  path: Assets/Scripts/HandUI/HandUIResetPosButton.cs
  artifactKey: Guid(87dd0206379aced41a481dd729708c69) Importer(815301076,1909f56bfc062723c751e8b465ee728b)
Start importing Assets/Scripts/HandUI/HandUIResetPosButton.cs using Guid(87dd0206379aced41a481dd729708c69) Importer(815301076,1909f56bfc062723c751e8b465ee728b)  -> (artifact id: '87812ec4527baf82049951542ecb34be') in 0.003586 seconds
  Import took 0.007113 seconds .

========================================================================
Received Import Request.
  Time since last request: 3.308426 seconds.
  path: Assets/Scripts/HandUI/HandUIRestartBtn.cs
  artifactKey: Guid(eac9c059efe6aee48903d12e75775c5f) Importer(815301076,1909f56bfc062723c751e8b465ee728b)
Start importing Assets/Scripts/HandUI/HandUIRestartBtn.cs using Guid(eac9c059efe6aee48903d12e75775c5f) Importer(815301076,1909f56bfc062723c751e8b465ee728b)  -> (artifact id: '865b653056316708130933f5b17537d3') in 0.001684 seconds
  Import took 0.005276 seconds .

========================================================================
Received Import Request.
  Time since last request: 0.001663 seconds.
  path: Assets/Scripts/HandUI/HandUIRestartBtn.cs
  artifactKey: Guid(eac9c059efe6aee48903d12e75775c5f) Importer(815301076,1909f56bfc062723c751e8b465ee728b)
Start importing Assets/Scripts/HandUI/HandUIRestartBtn.cs using Guid(eac9c059efe6aee48903d12e75775c5f) Importer(815301076,1909f56bfc062723c751e8b465ee728b)  -> (artifact id: '865b653056316708130933f5b17537d3') in 0.001372 seconds
  Import took 0.004519 seconds .

========================================================================
Received Import Request.
  Time since last request: 12.826662 seconds.
  path: Assets/Scripts/HandUI/HandUIResetPosBtn.cs
  artifactKey: Guid(87dd0206379aced41a481dd729708c69) Importer(815301076,1909f56bfc062723c751e8b465ee728b)
Start importing Assets/Scripts/HandUI/HandUIResetPosBtn.cs using Guid(87dd0206379aced41a481dd729708c69) Importer(815301076,1909f56bfc062723c751e8b465ee728b)  -> (artifact id: 'a54468192c8ad6b7ab192525e78cbdda') in 0.001585 seconds
  Import took 0.006853 seconds .

========================================================================
Received Prepare
Registering precompiled user dll's ...
Registered in 0.001905 seconds.
Begin MonoManager ReloadAssembly
Native extension for LinuxStandalone target not found
Native extension for WindowsStandalone target not found
Native extension for OSXStandalone target not found
Refreshing native plugins compatible for Editor in 0.79 ms, found 4 plugins.
Preloading 1 native plugins for Editor in 0.04 ms.
Invoked RoslynAnalysisRunner static constructor.
RoslynAnalysisRunner will not be running.
RoslynAnalysisRunner has terminated.
Mono: successfully reloaded assembly
- Completed reload, in  0.746 seconds
Platform modules already initialized, skipping
Shader 'Oculus/OVRMRCameraFrameLit': fallback shader 'Alpha-Diffuse' not found
Refreshing native plugins compatible for Editor in 0.76 ms, found 4 plugins.
Preloading 1 native plugins for Editor in 0.04 ms.
Unloading 2036 Unused Serialized files (Serialized files now loaded: 0)
System memory in use before: 114.5 MB.
System memory in use after: 114.6 MB.

Unloading 31 unused Assets to reduce memory usage. Loaded Objects now: 2628.
Total: 2.314200 ms (FindLiveObjects: 0.298300 ms CreateObjectMapping: 0.057000 ms MarkObjects: 1.851100 ms  DeleteObjects: 0.106800 ms)

========================================================================
Received Prepare
Registering precompiled user dll's ...
Registered in 0.001856 seconds.
Begin MonoManager ReloadAssembly
Native extension for LinuxStandalone target not found
Native extension for WindowsStandalone target not found
Native extension for OSXStandalone target not found
Refreshing native plugins compatible for Editor in 0.82 ms, found 4 plugins.
Preloading 1 native plugins for Editor in 0.04 ms.
Invoked RoslynAnalysisRunner static constructor.
RoslynAnalysisRunner will not be running.
RoslynAnalysisRunner has terminated.
Mono: successfully reloaded assembly
- Completed reload, in  0.758 seconds
Platform modules already initialized, skipping
Shader 'Oculus/OVRMRCameraFrameLit': fallback shader 'Alpha-Diffuse' not found
Refreshing native plugins compatible for Editor in 0.76 ms, found 4 plugins.
Preloading 1 native plugins for Editor in 0.04 ms.
Unloading 2036 Unused Serialized files (Serialized files now loaded: 0)
System memory in use before: 114.5 MB.
System memory in use after: 114.6 MB.

Unloading 30 unused Assets to reduce memory usage. Loaded Objects now: 2631.
Total: 2.006200 ms (FindLiveObjects: 0.267800 ms CreateObjectMapping: 0.055700 ms MarkObjects: 1.595200 ms  DeleteObjects: 0.086600 ms)

========================================================================
Received Prepare
Registering precompiled user dll's ...
Registered in 0.001939 seconds.
Begin MonoManager ReloadAssembly
Native extension for LinuxStandalone target not found
Native extension for WindowsStandalone target not found
Native extension for OSXStandalone target not found
Refreshing native plugins compatible for Editor in 0.83 ms, found 4 plugins.
Preloading 1 native plugins for Editor in 0.05 ms.
Invoked RoslynAnalysisRunner static constructor.
RoslynAnalysisRunner will not be running.
RoslynAnalysisRunner has terminated.
Mono: successfully reloaded assembly
- Completed reload, in  0.758 seconds
Platform modules already initialized, skipping
Shader 'Oculus/OVRMRCameraFrameLit': fallback shader 'Alpha-Diffuse' not found
Refreshing native plugins compatible for Editor in 0.83 ms, found 4 plugins.
Preloading 1 native plugins for Editor in 0.04 ms.
Unloading 2036 Unused Serialized files (Serialized files now loaded: 0)
System memory in use before: 114.5 MB.
System memory in use after: 114.5 MB.

Unloading 30 unused Assets to reduce memory usage. Loaded Objects now: 2634.
Total: 2.089800 ms (FindLiveObjects: 0.286500 ms CreateObjectMapping: 0.063400 ms MarkObjects: 1.657800 ms  DeleteObjects: 0.081200 ms)

========================================================================
Received Prepare
Registering precompiled user dll's ...
Registered in 0.001872 seconds.
Begin MonoManager ReloadAssembly
Native extension for LinuxStandalone target not found
Native extension for WindowsStandalone target not found
Native extension for OSXStandalone target not found
Refreshing native plugins compatible for Editor in 0.77 ms, found 4 plugins.
Preloading 1 native plugins for Editor in 0.04 ms.
Invoked RoslynAnalysisRunner static constructor.
RoslynAnalysisRunner will not be running.
RoslynAnalysisRunner has terminated.
Mono: successfully reloaded assembly
- Completed reload, in  0.742 seconds
Platform modules already initialized, skipping
Shader 'Oculus/OVRMRCameraFrameLit': fallback shader 'Alpha-Diffuse' not found
Refreshing native plugins compatible for Editor in 0.75 ms, found 4 plugins.
Preloading 1 native plugins for Editor in 0.04 ms.
Unloading 2036 Unused Serialized files (Serialized files now loaded: 0)
System memory in use before: 114.6 MB.
System memory in use after: 114.6 MB.

Unloading 30 unused Assets to reduce memory usage. Loaded Objects now: 2637.
Total: 2.202400 ms (FindLiveObjects: 0.295800 ms CreateObjectMapping: 0.052900 ms MarkObjects: 1.754700 ms  DeleteObjects: 0.098100 ms)

========================================================================
Received Prepare
Registering precompiled user dll's ...
Registered in 0.001930 seconds.
Begin MonoManager ReloadAssembly
Native extension for LinuxStandalone target not found
Native extension for WindowsStandalone target not found
Native extension for OSXStandalone target not found
Refreshing native plugins compatible for Editor in 0.84 ms, found 4 plugins.
Preloading 1 native plugins for Editor in 0.05 ms.
Invoked RoslynAnalysisRunner static constructor.
RoslynAnalysisRunner will not be running.
RoslynAnalysisRunner has terminated.
Mono: successfully reloaded assembly
- Completed reload, in  0.751 seconds
Platform modules already initialized, skipping
Shader 'Oculus/OVRMRCameraFrameLit': fallback shader 'Alpha-Diffuse' not found
Refreshing native plugins compatible for Editor in 0.76 ms, found 4 plugins.
Preloading 1 native plugins for Editor in 0.04 ms.
Unloading 2036 Unused Serialized files (Serialized files now loaded: 0)
System memory in use before: 114.6 MB.
System memory in use after: 114.7 MB.

Unloading 30 unused Assets to reduce memory usage. Loaded Objects now: 2640.
Total: 2.022000 ms (FindLiveObjects: 0.284800 ms CreateObjectMapping: 0.056200 ms MarkObjects: 1.595000 ms  DeleteObjects: 0.085200 ms)

========================================================================
Received Prepare
Registering precompiled user dll's ...
Registered in 0.002058 seconds.
Begin MonoManager ReloadAssembly
Native extension for LinuxStandalone target not found
Native extension for WindowsStandalone target not found
Native extension for OSXStandalone target not found
Refreshing native plugins compatible for Editor in 0.79 ms, found 4 plugins.
Preloading 1 native plugins for Editor in 0.04 ms.
Invoked RoslynAnalysisRunner static constructor.
RoslynAnalysisRunner will not be running.
RoslynAnalysisRunner has terminated.
Mono: successfully reloaded assembly
- Completed reload, in  0.751 seconds
Platform modules already initialized, skipping
Shader 'Oculus/OVRMRCameraFrameLit': fallback shader 'Alpha-Diffuse' not found
Refreshing native plugins compatible for Editor in 0.81 ms, found 4 plugins.
Preloading 1 native plugins for Editor in 0.04 ms.
Unloading 2036 Unused Serialized files (Serialized files now loaded: 0)
System memory in use before: 114.6 MB.
System memory in use after: 114.7 MB.

Unloading 30 unused Assets to reduce memory usage. Loaded Objects now: 2643.
Total: 2.118100 ms (FindLiveObjects: 0.280000 ms CreateObjectMapping: 0.055900 ms MarkObjects: 1.688400 ms  DeleteObjects: 0.092800 ms)

========================================================================
Received Prepare
Registering precompiled user dll's ...
Registered in 0.002202 seconds.
Begin MonoManager ReloadAssembly
Native extension for LinuxStandalone target not found
Native extension for WindowsStandalone target not found
Native extension for OSXStandalone target not found
Refreshing native plugins compatible for Editor in 0.79 ms, found 4 plugins.
Preloading 1 native plugins for Editor in 0.05 ms.
Invoked RoslynAnalysisRunner static constructor.
RoslynAnalysisRunner will not be running.
RoslynAnalysisRunner has terminated.
Mono: successfully reloaded assembly
- Completed reload, in  0.762 seconds
Platform modules already initialized, skipping
Shader 'Oculus/OVRMRCameraFrameLit': fallback shader 'Alpha-Diffuse' not found
Refreshing native plugins compatible for Editor in 0.79 ms, found 4 plugins.
Preloading 1 native plugins for Editor in 0.04 ms.
Unloading 2036 Unused Serialized files (Serialized files now loaded: 0)
System memory in use before: 114.6 MB.
System memory in use after: 114.7 MB.

Unloading 30 unused Assets to reduce memory usage. Loaded Objects now: 2646.
Total: 2.124000 ms (FindLiveObjects: 0.280000 ms CreateObjectMapping: 0.056600 ms MarkObjects: 1.655300 ms  DeleteObjects: 0.131000 ms)

========================================================================
Received Prepare
Registering precompiled user dll's ...
Registered in 0.001956 seconds.
Begin MonoManager ReloadAssembly
Native extension for LinuxStandalone target not found
Native extension for WindowsStandalone target not found
Native extension for OSXStandalone target not found
Refreshing native plugins compatible for Editor in 0.78 ms, found 4 plugins.
Preloading 1 native plugins for Editor in 0.04 ms.
Invoked RoslynAnalysisRunner static constructor.
RoslynAnalysisRunner will not be running.
RoslynAnalysisRunner has terminated.
Mono: successfully reloaded assembly
- Completed reload, in  0.744 seconds
Platform modules already initialized, skipping
Shader 'Oculus/OVRMRCameraFrameLit': fallback shader 'Alpha-Diffuse' not found
Refreshing native plugins compatible for Editor in 1.16 ms, found 4 plugins.
Preloading 1 native plugins for Editor in 0.04 ms.
Unloading 2036 Unused Serialized files (Serialized files now loaded: 0)
System memory in use before: 114.5 MB.
System memory in use after: 114.6 MB.

Unloading 30 unused Assets to reduce memory usage. Loaded Objects now: 2649.
Total: 2.290600 ms (FindLiveObjects: 0.281500 ms CreateObjectMapping: 0.056500 ms MarkObjects: 1.834600 ms  DeleteObjects: 0.116200 ms)

========================================================================
Received Prepare
Registering precompiled user dll's ...
Registered in 0.002160 seconds.
Begin MonoManager ReloadAssembly
Native extension for LinuxStandalone target not found
Native extension for WindowsStandalone target not found
Native extension for OSXStandalone target not found
Refreshing native plugins compatible for Editor in 0.79 ms, found 4 plugins.
Preloading 1 native plugins for Editor in 0.04 ms.
Invoked RoslynAnalysisRunner static constructor.
RoslynAnalysisRunner will not be running.
RoslynAnalysisRunner has terminated.
Mono: successfully reloaded assembly
- Completed reload, in  0.891 seconds
Platform modules already initialized, skipping
Shader 'Oculus/OVRMRCameraFrameLit': fallback shader 'Alpha-Diffuse' not found
Refreshing native plugins compatible for Editor in 0.79 ms, found 4 plugins.
Preloading 1 native plugins for Editor in 0.04 ms.
Unloading 2036 Unused Serialized files (Serialized files now loaded: 0)
System memory in use before: 114.6 MB.
System memory in use after: 114.7 MB.

Unloading 30 unused Assets to reduce memory usage. Loaded Objects now: 2652.
Total: 2.061800 ms (FindLiveObjects: 0.283400 ms CreateObjectMapping: 0.059000 ms MarkObjects: 1.621200 ms  DeleteObjects: 0.096900 ms)

========================================================================
Received Prepare
Registering precompiled user dll's ...
Registered in 0.002299 seconds.
Begin MonoManager ReloadAssembly
Native extension for LinuxStandalone target not found
Native extension for WindowsStandalone target not found
Native extension for OSXStandalone target not found
Refreshing native plugins compatible for Editor in 0.80 ms, found 4 plugins.
Preloading 1 native plugins for Editor in 0.04 ms.
Invoked RoslynAnalysisRunner static constructor.
RoslynAnalysisRunner will not be running.
RoslynAnalysisRunner has terminated.
Mono: successfully reloaded assembly
- Completed reload, in  0.910 seconds
Platform modules already initialized, skipping
Shader 'Oculus/OVRMRCameraFrameLit': fallback shader 'Alpha-Diffuse' not found
Refreshing native plugins compatible for Editor in 1.23 ms, found 4 plugins.
Preloading 1 native plugins for Editor in 0.06 ms.
Unloading 2036 Unused Serialized files (Serialized files now loaded: 0)
System memory in use before: 114.6 MB.
System memory in use after: 114.7 MB.

Unloading 30 unused Assets to reduce memory usage. Loaded Objects now: 2655.
Total: 2.083100 ms (FindLiveObjects: 0.275600 ms CreateObjectMapping: 0.057700 ms MarkObjects: 1.651500 ms  DeleteObjects: 0.097500 ms)

========================================================================
Received Prepare
Registering precompiled user dll's ...
Registered in 0.002718 seconds.
Begin MonoManager ReloadAssembly
Native extension for LinuxStandalone target not found
Native extension for WindowsStandalone target not found
Native extension for OSXStandalone target not found
Refreshing native plugins compatible for Editor in 0.97 ms, found 4 plugins.
Preloading 1 native plugins for Editor in 0.05 ms.
Invoked RoslynAnalysisRunner static constructor.
RoslynAnalysisRunner will not be running.
RoslynAnalysisRunner has terminated.
Mono: successfully reloaded assembly
- Completed reload, in  0.842 seconds
Platform modules already initialized, skipping
Shader 'Oculus/OVRMRCameraFrameLit': fallback shader 'Alpha-Diffuse' not found
Refreshing native plugins compatible for Editor in 1.03 ms, found 4 plugins.
Preloading 1 native plugins for Editor in 0.06 ms.
Unloading 2036 Unused Serialized files (Serialized files now loaded: 0)
System memory in use before: 114.6 MB.
System memory in use after: 114.7 MB.

Unloading 30 unused Assets to reduce memory usage. Loaded Objects now: 2658.
Total: 2.532100 ms (FindLiveObjects: 0.330400 ms CreateObjectMapping: 0.058700 ms MarkObjects: 2.017300 ms  DeleteObjects: 0.124700 ms)

========================================================================
Received Prepare
Registering precompiled user dll's ...
Registered in 0.002347 seconds.
Begin MonoManager ReloadAssembly
Native extension for LinuxStandalone target not found
Native extension for WindowsStandalone target not found
Native extension for OSXStandalone target not found
Refreshing native plugins compatible for Editor in 1.33 ms, found 4 plugins.
Preloading 1 native plugins for Editor in 0.10 ms.
Invoked RoslynAnalysisRunner static constructor.
RoslynAnalysisRunner will not be running.
RoslynAnalysisRunner has terminated.
Mono: successfully reloaded assembly
- Completed reload, in  0.987 seconds
Platform modules already initialized, skipping
Shader 'Oculus/OVRMRCameraFrameLit': fallback shader 'Alpha-Diffuse' not found
Refreshing native plugins compatible for Editor in 0.77 ms, found 4 plugins.
Preloading 1 native plugins for Editor in 0.04 ms.
Unloading 2036 Unused Serialized files (Serialized files now loaded: 0)
System memory in use before: 114.6 MB.
System memory in use after: 114.7 MB.

Unloading 30 unused Assets to reduce memory usage. Loaded Objects now: 2661.
Total: 3.721100 ms (FindLiveObjects: 0.524000 ms CreateObjectMapping: 0.092400 ms MarkObjects: 2.997800 ms  DeleteObjects: 0.105600 ms)

========================================================================
Received Prepare
Registering precompiled user dll's ...
Registered in 0.002041 seconds.
Begin MonoManager ReloadAssembly
Native extension for LinuxStandalone target not found
Native extension for WindowsStandalone target not found
Native extension for OSXStandalone target not found
Refreshing native plugins compatible for Editor in 0.75 ms, found 4 plugins.
Preloading 1 native plugins for Editor in 0.05 ms.
Invoked RoslynAnalysisRunner static constructor.
RoslynAnalysisRunner will not be running.
RoslynAnalysisRunner has terminated.
Mono: successfully reloaded assembly
- Completed reload, in  0.726 seconds
Platform modules already initialized, skipping
Shader 'Oculus/OVRMRCameraFrameLit': fallback shader 'Alpha-Diffuse' not found
Refreshing native plugins compatible for Editor in 0.77 ms, found 4 plugins.
Preloading 1 native plugins for Editor in 0.04 ms.
Unloading 2036 Unused Serialized files (Serialized files now loaded: 0)
System memory in use before: 114.5 MB.
System memory in use after: 114.6 MB.

Unloading 30 unused Assets to reduce memory usage. Loaded Objects now: 2664.
Total: 2.123100 ms (FindLiveObjects: 0.291300 ms CreateObjectMapping: 0.056000 ms MarkObjects: 1.672100 ms  DeleteObjects: 0.102700 ms)

========================================================================
Received Prepare
Registering precompiled user dll's ...
Registered in 0.001948 seconds.
Begin MonoManager ReloadAssembly
Native extension for LinuxStandalone target not found
Native extension for WindowsStandalone target not found
Native extension for OSXStandalone target not found
Refreshing native plugins compatible for Editor in 0.82 ms, found 4 plugins.
Preloading 1 native plugins for Editor in 0.04 ms.
Invoked RoslynAnalysisRunner static constructor.
RoslynAnalysisRunner will not be running.
RoslynAnalysisRunner has terminated.
Mono: successfully reloaded assembly
- Completed reload, in  0.762 seconds
Platform modules already initialized, skipping
Shader 'Oculus/OVRMRCameraFrameLit': fallback shader 'Alpha-Diffuse' not found
Refreshing native plugins compatible for Editor in 1.10 ms, found 4 plugins.
Preloading 1 native plugins for Editor in 0.05 ms.
Unloading 2036 Unused Serialized files (Serialized files now loaded: 0)
System memory in use before: 114.6 MB.
System memory in use after: 114.7 MB.

Unloading 30 unused Assets to reduce memory usage. Loaded Objects now: 2667.
Total: 1.993500 ms (FindLiveObjects: 0.264900 ms CreateObjectMapping: 0.056300 ms MarkObjects: 1.581800 ms  DeleteObjects: 0.089800 ms)

========================================================================
Received Prepare
Registering precompiled user dll's ...
Registered in 0.012039 seconds.
Begin MonoManager ReloadAssembly
Native extension for LinuxStandalone target not found
Native extension for WindowsStandalone target not found
Native extension for OSXStandalone target not found
Refreshing native plugins compatible for Editor in 0.76 ms, found 4 plugins.
Preloading 1 native plugins for Editor in 0.04 ms.
Invoked RoslynAnalysisRunner static constructor.
RoslynAnalysisRunner will not be running.
RoslynAnalysisRunner has terminated.
Mono: successfully reloaded assembly
- Completed reload, in  0.824 seconds
Platform modules already initialized, skipping
Shader 'Oculus/OVRMRCameraFrameLit': fallback shader 'Alpha-Diffuse' not found
Refreshing native plugins compatible for Editor in 0.82 ms, found 4 plugins.
Preloading 1 native plugins for Editor in 0.04 ms.
Unloading 2036 Unused Serialized files (Serialized files now loaded: 0)
System memory in use before: 114.6 MB.
System memory in use after: 114.7 MB.

Unloading 30 unused Assets to reduce memory usage. Loaded Objects now: 2670.
Total: 2.688500 ms (FindLiveObjects: 0.292400 ms CreateObjectMapping: 0.065300 ms MarkObjects: 2.229700 ms  DeleteObjects: 0.100000 ms)

========================================================================
Received Prepare
Registering precompiled user dll's ...
Registered in 0.002583 seconds.
Begin MonoManager ReloadAssembly
Native extension for LinuxStandalone target not found
Native extension for WindowsStandalone target not found
Native extension for OSXStandalone target not found
Refreshing native plugins compatible for Editor in 0.86 ms, found 4 plugins.
Preloading 1 native plugins for Editor in 0.07 ms.
Invoked RoslynAnalysisRunner static constructor.
RoslynAnalysisRunner will not be running.
RoslynAnalysisRunner has terminated.
Mono: successfully reloaded assembly
- Completed reload, in  0.743 seconds
Platform modules already initialized, skipping
Shader 'Oculus/OVRMRCameraFrameLit': fallback shader 'Alpha-Diffuse' not found
Refreshing native plugins compatible for Editor in 0.78 ms, found 4 plugins.
Preloading 1 native plugins for Editor in 0.04 ms.
Unloading 2036 Unused Serialized files (Serialized files now loaded: 0)
System memory in use before: 114.6 MB.
System memory in use after: 114.7 MB.

Unloading 30 unused Assets to reduce memory usage. Loaded Objects now: 2673.
Total: 2.073200 ms (FindLiveObjects: 0.276700 ms CreateObjectMapping: 0.058500 ms MarkObjects: 1.649000 ms  DeleteObjects: 0.088100 ms)

========================================================================
Received Prepare
Registering precompiled user dll's ...
Registered in 0.002427 seconds.
Begin MonoManager ReloadAssembly
Native extension for LinuxStandalone target not found
Native extension for WindowsStandalone target not found
Native extension for OSXStandalone target not found
Refreshing native plugins compatible for Editor in 0.81 ms, found 4 plugins.
Preloading 1 native plugins for Editor in 0.04 ms.
Invoked RoslynAnalysisRunner static constructor.
RoslynAnalysisRunner will not be running.
RoslynAnalysisRunner has terminated.
Mono: successfully reloaded assembly
- Completed reload, in  0.794 seconds
Platform modules already initialized, skipping
Shader 'Oculus/OVRMRCameraFrameLit': fallback shader 'Alpha-Diffuse' not found
Refreshing native plugins compatible for Editor in 0.78 ms, found 4 plugins.
Preloading 1 native plugins for Editor in 0.04 ms.
Unloading 2036 Unused Serialized files (Serialized files now loaded: 0)
System memory in use before: 114.7 MB.
System memory in use after: 114.7 MB.

Unloading 30 unused Assets to reduce memory usage. Loaded Objects now: 2676.
Total: 2.235800 ms (FindLiveObjects: 0.274200 ms CreateObjectMapping: 0.056900 ms MarkObjects: 1.798700 ms  DeleteObjects: 0.104900 ms)

========================================================================
Received Prepare
Registering precompiled user dll's ...
Registered in 0.002011 seconds.
Begin MonoManager ReloadAssembly
Native extension for LinuxStandalone target not found
Native extension for WindowsStandalone target not found
Native extension for OSXStandalone target not found
Refreshing native plugins compatible for Editor in 0.82 ms, found 4 plugins.
Preloading 1 native plugins for Editor in 0.05 ms.
Invoked RoslynAnalysisRunner static constructor.
RoslynAnalysisRunner will not be running.
RoslynAnalysisRunner has terminated.
Mono: successfully reloaded assembly
- Completed reload, in  0.795 seconds
Platform modules already initialized, skipping
Shader 'Oculus/OVRMRCameraFrameLit': fallback shader 'Alpha-Diffuse' not found
Refreshing native plugins compatible for Editor in 0.76 ms, found 4 plugins.
Preloading 1 native plugins for Editor in 0.04 ms.
Unloading 2036 Unused Serialized files (Serialized files now loaded: 0)
System memory in use before: 114.6 MB.
System memory in use after: 114.6 MB.

Unloading 30 unused Assets to reduce memory usage. Loaded Objects now: 2679.
Total: 2.184200 ms (FindLiveObjects: 0.268500 ms CreateObjectMapping: 0.056400 ms MarkObjects: 1.755600 ms  DeleteObjects: 0.102800 ms)

========================================================================
Received Import Request.
  Time since last request: 3850.130831 seconds.
  path: Assets/Scenes/Game.unity
  artifactKey: Guid(9fc0d4010bbf28b4594072e72b8655ab) Importer(815301076,1909f56bfc062723c751e8b465ee728b)
Start importing Assets/Scenes/Game.unity using Guid(9fc0d4010bbf28b4594072e72b8655ab) Importer(815301076,1909f56bfc062723c751e8b465ee728b)  -> (artifact id: '056c65199c1eaa2412138bf893d3a609') in 0.016604 seconds
  Import took 0.020782 seconds .

========================================================================
Received Import Request.
  Time since last request: 17.114854 seconds.
  path: Assets/Oculus/SampleFramework/Usage/HandsTrainExample/Materials/SelectionCylinderBase.mat
  artifactKey: Guid(12d9a49768b575643a552c2ce6fdc26e) Importer(815301076,1909f56bfc062723c751e8b465ee728b)
Start importing Assets/Oculus/SampleFramework/Usage/HandsTrainExample/Materials/SelectionCylinderBase.mat using Guid(12d9a49768b575643a552c2ce6fdc26e) Importer(815301076,1909f56bfc062723c751e8b465ee728b)  -> (artifact id: '732c78dc19e81b88894fc8e3dd3b972e') in 0.080901 seconds
  Import took 0.084873 seconds .

========================================================================
Received Import Request.
  Time since last request: 107.454925 seconds.
  path: Assets/Oculus/SampleFramework/Usage/HandsTrainExample/Models/TrainPalette.FBX
  artifactKey: Guid(bd0bb729cb6159b4ab21c5f62cad24ee) Importer(815301076,1909f56bfc062723c751e8b465ee728b)
Start importing Assets/Oculus/SampleFramework/Usage/HandsTrainExample/Models/TrainPalette.FBX using Guid(bd0bb729cb6159b4ab21c5f62cad24ee) Importer(815301076,1909f56bfc062723c751e8b465ee728b)  -> (artifact id: 'be17e841255ee68ce852010f97e941d6') in 1.007971 seconds
  Import took 1.013168 seconds .

========================================================================
Received Import Request.
  Time since last request: 0.000294 seconds.
  path: Assets/Oculus/Spatializer/scenes/Standard Assets/Character Controllers/3rd Person Controller.prefab
  artifactKey: Guid(2314ce3a3eecf4816bad3c9eca4de2e1) Importer(815301076,1909f56bfc062723c751e8b465ee728b)
Start importing Assets/Oculus/Spatializer/scenes/Standard Assets/Character Controllers/3rd Person Controller.prefab using Guid(2314ce3a3eecf4816bad3c9eca4de2e1) Importer(815301076,1909f56bfc062723c751e8b465ee728b)  -> (artifact id: 'd7685ff39dbbda08c2774da6e627f840') in 0.154959 seconds
  Import took 0.158780 seconds .

========================================================================
Received Import Request.
  Time since last request: 0.000289 seconds.
  path: Assets/Oculus/Spatializer/scenes/materials/AmbisonicObject1.mat
  artifactKey: Guid(584662273d60a0f47bd7fecbb570e66e) Importer(815301076,1909f56bfc062723c751e8b465ee728b)
Start importing Assets/Oculus/Spatializer/scenes/materials/AmbisonicObject1.mat using Guid(584662273d60a0f47bd7fecbb570e66e) Importer(815301076,1909f56bfc062723c751e8b465ee728b)  -> (artifact id: 'd32b26e2edf0d478fa899f025f8d7628') in 0.194880 seconds
  Import took 0.198443 seconds .

========================================================================
Received Import Request.
  Time since last request: 0.000292 seconds.
  path: Assets/Oculus/Spatializer/scenes/Standard Assets/Character Controllers/3rd Person Controller.prefab
  artifactKey: Guid(2314ce3a3eecf4816bad3c9eca4de2e1) Importer(815301076,1909f56bfc062723c751e8b465ee728b)
Start importing Assets/Oculus/Spatializer/scenes/Standard Assets/Character Controllers/3rd Person Controller.prefab using Guid(2314ce3a3eecf4816bad3c9eca4de2e1) Importer(815301076,1909f56bfc062723c751e8b465ee728b)  -> (artifact id: 'd7685ff39dbbda08c2774da6e627f840') in 0.013219 seconds
  Import took 0.016516 seconds .

========================================================================
Received Import Request.
  Time since last request: 0.000267 seconds.
  path: Assets/Audio/Target/237437__noisecollector__bulletimpact-metal2.wav
  artifactKey: Guid(62a047dc021347546afce3b6cfd01479) Importer(815301076,1909f56bfc062723c751e8b465ee728b)
Start importing Assets/Audio/Target/237437__noisecollector__bulletimpact-metal2.wav using Guid(62a047dc021347546afce3b6cfd01479) Importer(815301076,1909f56bfc062723c751e8b465ee728b)  -> (artifact id: 'f9d6f365e5eaa72df3a275cc41176f72') in 0.029323 seconds
  Import took 0.032895 seconds .

========================================================================
Received Import Request.
  Time since last request: 0.000289 seconds.
  path: Assets/Audio/Pistol/412291__jaklocke__gun-cocking-8.mp3
  artifactKey: Guid(618ada1e67eda6a45b493849fd80481d) Importer(815301076,1909f56bfc062723c751e8b465ee728b)
Start importing Assets/Audio/Pistol/412291__jaklocke__gun-cocking-8.mp3 using Guid(618ada1e67eda6a45b493849fd80481d) Importer(815301076,1909f56bfc062723c751e8b465ee728b)  -> (artifact id: '4537de2e233fdec68a4cf674244fc963') in 0.008640 seconds
  Import took 0.012539 seconds .

========================================================================
Received Import Request.
  Time since last request: 0.000279 seconds.
  path: Assets/Audio/166186__drminky__menu-screen-mouse-over.wav
  artifactKey: Guid(2ad9691a0193e174b8a18afbdb74a45b) Importer(815301076,1909f56bfc062723c751e8b465ee728b)
Start importing Assets/Audio/166186__drminky__menu-screen-mouse-over.wav using Guid(2ad9691a0193e174b8a18afbdb74a45b) Importer(815301076,1909f56bfc062723c751e8b465ee728b)  -> (artifact id: '13596a45e4a7a4608361efb5f04a57b7') in 0.007462 seconds
  Import took 0.011027 seconds .

========================================================================
Received Import Request.
  Time since last request: 0.000295 seconds.
  path: Assets/Audio/Pistol/412298__jaklocke__gun-trigger-pull-5.mp3
  artifactKey: Guid(61d6761103b2ee4438bfcf0709b6874c) Importer(815301076,1909f56bfc062723c751e8b465ee728b)
Start importing Assets/Audio/Pistol/412298__jaklocke__gun-trigger-pull-5.mp3 using Guid(61d6761103b2ee4438bfcf0709b6874c) Importer(815301076,1909f56bfc062723c751e8b465ee728b)  -> (artifact id: '3a1451dd66a49cdbfc9ff4620b9bb0f0') in 0.006714 seconds
  Import took 0.009923 seconds .

========================================================================
Received Import Request.
  Time since last request: 0.000300 seconds.
  path: Assets/Oculus/Spatializer/scenes/sounds/360 Workstation Ambisonic Panning AmbiX.wav
  artifactKey: Guid(1340d7fb0cd1bfb4caa3b3270cb2ea5f) Importer(815301076,1909f56bfc062723c751e8b465ee728b)
Start importing Assets/Oculus/Spatializer/scenes/sounds/360 Workstation Ambisonic Panning AmbiX.wav using Guid(1340d7fb0cd1bfb4caa3b3270cb2ea5f) Importer(815301076,1909f56bfc062723c751e8b465ee728b)  -> (artifact id: '709b4d01acd2eb0cb1cf4e2655985f97') in 0.009874 seconds
  Import took 0.013511 seconds .

========================================================================
Received Import Request.
  Time since last request: 0.000281 seconds.
  path: Assets/Oculus/LipSync/Models/RobotHead_TextureFlip/aa.png
  artifactKey: Guid(5c06354455999f94ea26114e261dde6d) Importer(815301076,1909f56bfc062723c751e8b465ee728b)
Start importing Assets/Oculus/LipSync/Models/RobotHead_TextureFlip/aa.png using Guid(5c06354455999f94ea26114e261dde6d) Importer(815301076,1909f56bfc062723c751e8b465ee728b)  -> (artifact id: '951cae11b859c4c265a04cd04916903c') in 0.031080 seconds
  Import took 0.035177 seconds .

========================================================================
Received Import Request.
  Time since last request: 0.000334 seconds.
  path: Assets/Audio/237422__plasterbrain__hover-1.ogg
  artifactKey: Guid(9fde8d8dba740ef44b491a418dd3fd42) Importer(815301076,1909f56bfc062723c751e8b465ee728b)
Start importing Assets/Audio/237422__plasterbrain__hover-1.ogg using Guid(9fde8d8dba740ef44b491a418dd3fd42) Importer(815301076,1909f56bfc062723c751e8b465ee728b)  -> (artifact id: '5df636cd46719b097b9179b3d3057d5d') in 0.009981 seconds
  Import took 0.013745 seconds .

========================================================================
Received Import Request.
  Time since last request: 0.000247 seconds.
  path: Assets/Oculus/SampleFramework/Usage/HandsTrainExample/Models/ControllerBox.FBX
  artifactKey: Guid(6ea491f82329b774d8b8af4a409d8d03) Importer(815301076,1909f56bfc062723c751e8b465ee728b)
Start importing Assets/Oculus/SampleFramework/Usage/HandsTrainExample/Models/ControllerBox.FBX using Guid(6ea491f82329b774d8b8af4a409d8d03) Importer(815301076,1909f56bfc062723c751e8b465ee728b)  -> (artifact id: 'f1fbf704fafc08bd6c2e9a6f54d7ca08') in 0.170735 seconds
  Import took 0.174805 seconds .

========================================================================
Received Import Request.
  Time since last request: 36.586320 seconds.
  path: Assets/Oculus/VR/Materials/Arrow.mat
  artifactKey: Guid(669025377795b574da66d9bb2472fcab) Importer(815301076,1909f56bfc062723c751e8b465ee728b)
Start importing Assets/Oculus/VR/Materials/Arrow.mat using Guid(669025377795b574da66d9bb2472fcab) Importer(815301076,1909f56bfc062723c751e8b465ee728b)  -> (artifact id: '13d46768a52eecc95e8b12b4ccc400aa') in 0.009458 seconds
  Import took 0.013372 seconds .

========================================================================
Received Prepare
Registering precompiled user dll's ...
Registered in 0.002901 seconds.
Begin MonoManager ReloadAssembly
Native extension for LinuxStandalone target not found
Native extension for WindowsStandalone target not found
Native extension for OSXStandalone target not found
Refreshing native plugins compatible for Editor in 0.84 ms, found 4 plugins.
Preloading 1 native plugins for Editor in 0.05 ms.
Invoked RoslynAnalysisRunner static constructor.
RoslynAnalysisRunner will not be running.
RoslynAnalysisRunner has terminated.
Mono: successfully reloaded assembly
- Completed reload, in  0.749 seconds
Platform modules already initialized, skipping
Shader 'Oculus/OVRMRCameraFrameLit': fallback shader 'Alpha-Diffuse' not found
Refreshing native plugins compatible for Editor in 0.82 ms, found 4 plugins.
Preloading 1 native plugins for Editor in 0.04 ms.
Unloading 2036 Unused Serialized files (Serialized files now loaded: 0)
System memory in use before: 116.5 MB.
System memory in use after: 116.7 MB.

Unloading 30 unused Assets to reduce memory usage. Loaded Objects now: 2725.
Total: 2.153900 ms (FindLiveObjects: 0.306300 ms CreateObjectMapping: 0.061900 ms MarkObjects: 1.682600 ms  DeleteObjects: 0.101700 ms)

========================================================================
Received Import Request.
  Time since last request: 306.425481 seconds.
  path: Assets/Scenes/EndBall.unity
  artifactKey: Guid(52a5bd49dd593734c8287b571a21c18f) Importer(815301076,1909f56bfc062723c751e8b465ee728b)
Start importing Assets/Scenes/EndBall.unity using Guid(52a5bd49dd593734c8287b571a21c18f) Importer(815301076,1909f56bfc062723c751e8b465ee728b)  -> (artifact id: 'eebbb28cc43056b9387066c44329c9c6') in 0.011945 seconds
  Import took 0.015839 seconds .

========================================================================
Received Import Request.
  Time since last request: 75.405708 seconds.
  path: Assets/Scenes/pirate.unity
  artifactKey: Guid(4f3e003fea544e94abeb2a3fb5dc8d7b) Importer(815301076,1909f56bfc062723c751e8b465ee728b)
Start importing Assets/Scenes/pirate.unity using Guid(4f3e003fea544e94abeb2a3fb5dc8d7b) Importer(815301076,1909f56bfc062723c751e8b465ee728b)  -> (artifact id: 'b879bc40c65e071cba024aead7f54ac8') in 0.002591 seconds
  Import took 0.007859 seconds .

========================================================================
Received Import Request.
  Time since last request: 68.722984 seconds.
  path: Assets/Scenes/EndPirate.unity
  artifactKey: Guid(b525627fd882c4d4f9e73b45fc7a7677) Importer(815301076,1909f56bfc062723c751e8b465ee728b)
Start importing Assets/Scenes/EndPirate.unity using Guid(b525627fd882c4d4f9e73b45fc7a7677) Importer(815301076,1909f56bfc062723c751e8b465ee728b)  -> (artifact id: '81c0518ab8206edb0d975e090326f014') in 0.002034 seconds
  Import took 0.007217 seconds .

========================================================================
Received Import Request.
  Time since last request: 33.437962 seconds.
  path: Assets/Scenes/Game.unity
  artifactKey: Guid(9fc0d4010bbf28b4594072e72b8655ab) Importer(815301076,1909f56bfc062723c751e8b465ee728b)
Start importing Assets/Scenes/Game.unity using Guid(9fc0d4010bbf28b4594072e72b8655ab) Importer(815301076,1909f56bfc062723c751e8b465ee728b)  -> (artifact id: 'e7850410c5a64fcce8f503a93d9a5224') in 0.002125 seconds
  Import took 0.006229 seconds .

========================================================================
Received Import Request.
  Time since last request: 7.666979 seconds.
  path: Assets/Scenes/Title.unity
  artifactKey: Guid(56cf0a1d1db233a4db059f3f0d5c7a2c) Importer(815301076,1909f56bfc062723c751e8b465ee728b)
Start importing Assets/Scenes/Title.unity using Guid(56cf0a1d1db233a4db059f3f0d5c7a2c) Importer(815301076,1909f56bfc062723c751e8b465ee728b)  -> (artifact id: 'a88339a761f719d9d815c546e2735777') in 0.002116 seconds
  Import took 0.005706 seconds .

========================================================================
Received Prepare
Registering precompiled user dll's ...
Registered in 0.002144 seconds.
Begin MonoManager ReloadAssembly
Native extension for LinuxStandalone target not found
Native extension for WindowsStandalone target not found
Native extension for OSXStandalone target not found
Refreshing native plugins compatible for Editor in 0.77 ms, found 4 plugins.
Preloading 1 native plugins for Editor in 0.05 ms.
Invoked RoslynAnalysisRunner static constructor.
RoslynAnalysisRunner will not be running.
RoslynAnalysisRunner has terminated.
Mono: successfully reloaded assembly
- Completed reload, in  0.754 seconds
Platform modules already initialized, skipping
Shader 'Oculus/OVRMRCameraFrameLit': fallback shader 'Alpha-Diffuse' not found
Refreshing native plugins compatible for Editor in 0.92 ms, found 4 plugins.
Preloading 1 native plugins for Editor in 0.04 ms.
Unloading 2036 Unused Serialized files (Serialized files now loaded: 0)
System memory in use before: 116.6 MB.
System memory in use after: 116.8 MB.

Unloading 30 unused Assets to reduce memory usage. Loaded Objects now: 2728.
Total: 2.171900 ms (FindLiveObjects: 0.306300 ms CreateObjectMapping: 0.062100 ms MarkObjects: 1.701200 ms  DeleteObjects: 0.101400 ms)

========================================================================
Received Prepare
Registering precompiled user dll's ...
Registered in 0.002107 seconds.
Begin MonoManager ReloadAssembly
Native extension for LinuxStandalone target not found
Native extension for WindowsStandalone target not found
Native extension for OSXStandalone target not found
Refreshing native plugins compatible for Editor in 0.78 ms, found 4 plugins.
Preloading 1 native plugins for Editor in 0.04 ms.
Invoked RoslynAnalysisRunner static constructor.
RoslynAnalysisRunner will not be running.
RoslynAnalysisRunner has terminated.
Mono: successfully reloaded assembly
- Completed reload, in  0.768 seconds
Platform modules already initialized, skipping
Shader 'Oculus/OVRMRCameraFrameLit': fallback shader 'Alpha-Diffuse' not found
Refreshing native plugins compatible for Editor in 0.76 ms, found 4 plugins.
Preloading 1 native plugins for Editor in 0.04 ms.
Unloading 2036 Unused Serialized files (Serialized files now loaded: 0)
System memory in use before: 116.6 MB.
System memory in use after: 116.8 MB.

Unloading 30 unused Assets to reduce memory usage. Loaded Objects now: 2731.
Total: 2.266000 ms (FindLiveObjects: 0.334800 ms CreateObjectMapping: 0.068700 ms MarkObjects: 1.763500 ms  DeleteObjects: 0.097600 ms)

========================================================================
Received Prepare
Registering precompiled user dll's ...
Registered in 0.002014 seconds.
Begin MonoManager ReloadAssembly
Native extension for LinuxStandalone target not found
Native extension for WindowsStandalone target not found
Native extension for OSXStandalone target not found
Refreshing native plugins compatible for Editor in 0.76 ms, found 4 plugins.
Preloading 1 native plugins for Editor in 0.04 ms.
Invoked RoslynAnalysisRunner static constructor.
RoslynAnalysisRunner will not be running.
RoslynAnalysisRunner has terminated.
Mono: successfully reloaded assembly
- Completed reload, in  0.747 seconds
Platform modules already initialized, skipping
Shader 'Oculus/OVRMRCameraFrameLit': fallback shader 'Alpha-Diffuse' not found
Refreshing native plugins compatible for Editor in 0.75 ms, found 4 plugins.
Preloading 1 native plugins for Editor in 0.04 ms.
Unloading 2036 Unused Serialized files (Serialized files now loaded: 0)
System memory in use before: 116.6 MB.
System memory in use after: 116.8 MB.

Unloading 30 unused Assets to reduce memory usage. Loaded Objects now: 2734.
Total: 2.252600 ms (FindLiveObjects: 0.323500 ms CreateObjectMapping: 0.071300 ms MarkObjects: 1.750100 ms  DeleteObjects: 0.106600 ms)

========================================================================
Received Prepare
Registering precompiled user dll's ...
Registered in 0.002359 seconds.
Begin MonoManager ReloadAssembly
Native extension for LinuxStandalone target not found
Native extension for WindowsStandalone target not found
Native extension for OSXStandalone target not found
Refreshing native plugins compatible for Editor in 0.75 ms, found 4 plugins.
Preloading 1 native plugins for Editor in 0.11 ms.
Invoked RoslynAnalysisRunner static constructor.
RoslynAnalysisRunner will not be running.
RoslynAnalysisRunner has terminated.
Mono: successfully reloaded assembly
- Completed reload, in  0.767 seconds
Platform modules already initialized, skipping
Shader 'Oculus/OVRMRCameraFrameLit': fallback shader 'Alpha-Diffuse' not found
Refreshing native plugins compatible for Editor in 0.86 ms, found 4 plugins.
Preloading 1 native plugins for Editor in 0.04 ms.
Unloading 2036 Unused Serialized files (Serialized files now loaded: 0)
System memory in use before: 116.5 MB.
System memory in use after: 116.7 MB.

Unloading 30 unused Assets to reduce memory usage. Loaded Objects now: 2737.
Total: 2.120300 ms (FindLiveObjects: 0.300700 ms CreateObjectMapping: 0.063900 ms MarkObjects: 1.660700 ms  DeleteObjects: 0.094200 ms)

========================================================================
Received Prepare
Registering precompiled user dll's ...
Registered in 0.002196 seconds.
Begin MonoManager ReloadAssembly
Native extension for LinuxStandalone target not found
Native extension for WindowsStandalone target not found
Native extension for OSXStandalone target not found
Refreshing native plugins compatible for Editor in 0.85 ms, found 4 plugins.
Preloading 1 native plugins for Editor in 0.04 ms.
Invoked RoslynAnalysisRunner static constructor.
RoslynAnalysisRunner will not be running.
RoslynAnalysisRunner has terminated.
Mono: successfully reloaded assembly
- Completed reload, in  0.760 seconds
Platform modules already initialized, skipping
Shader 'Oculus/OVRMRCameraFrameLit': fallback shader 'Alpha-Diffuse' not found
Refreshing native plugins compatible for Editor in 0.77 ms, found 4 plugins.
Preloading 1 native plugins for Editor in 0.04 ms.
Unloading 2036 Unused Serialized files (Serialized files now loaded: 0)
System memory in use before: 116.6 MB.
System memory in use after: 116.8 MB.

Unloading 30 unused Assets to reduce memory usage. Loaded Objects now: 2740.
Total: 2.131600 ms (FindLiveObjects: 0.301500 ms CreateObjectMapping: 0.062300 ms MarkObjects: 1.660700 ms  DeleteObjects: 0.106100 ms)

========================================================================
Received Prepare
Registering precompiled user dll's ...
Registered in 0.002913 seconds.
Begin MonoManager ReloadAssembly
Native extension for LinuxStandalone target not found
Native extension for WindowsStandalone target not found
Native extension for OSXStandalone target not found
Refreshing native plugins compatible for Editor in 0.76 ms, found 4 plugins.
Preloading 1 native plugins for Editor in 0.04 ms.
Invoked RoslynAnalysisRunner static constructor.
RoslynAnalysisRunner will not be running.
RoslynAnalysisRunner has terminated.
Mono: successfully reloaded assembly
- Completed reload, in  0.760 seconds
Platform modules already initialized, skipping
Shader 'Oculus/OVRMRCameraFrameLit': fallback shader 'Alpha-Diffuse' not found
Refreshing native plugins compatible for Editor in 1.02 ms, found 4 plugins.
Preloading 1 native plugins for Editor in 0.05 ms.
Unloading 2036 Unused Serialized files (Serialized files now loaded: 0)
System memory in use before: 116.6 MB.
System memory in use after: 116.8 MB.

Unloading 30 unused Assets to reduce memory usage. Loaded Objects now: 2743.
Total: 2.659800 ms (FindLiveObjects: 0.354000 ms CreateObjectMapping: 0.070000 ms MarkObjects: 2.120400 ms  DeleteObjects: 0.114400 ms)

========================================================================
Received Prepare
Registering precompiled user dll's ...
Registered in 0.002070 seconds.
Begin MonoManager ReloadAssembly
Native extension for LinuxStandalone target not found
Native extension for WindowsStandalone target not found
Native extension for OSXStandalone target not found
Refreshing native plugins compatible for Editor in 0.79 ms, found 4 plugins.
Preloading 1 native plugins for Editor in 0.05 ms.
Invoked RoslynAnalysisRunner static constructor.
RoslynAnalysisRunner will not be running.
RoslynAnalysisRunner has terminated.
Mono: successfully reloaded assembly
- Completed reload, in  0.729 seconds
Platform modules already initialized, skipping
Shader 'Oculus/OVRMRCameraFrameLit': fallback shader 'Alpha-Diffuse' not found
Refreshing native plugins compatible for Editor in 0.84 ms, found 4 plugins.
Preloading 1 native plugins for Editor in 0.04 ms.
Unloading 2036 Unused Serialized files (Serialized files now loaded: 0)
System memory in use before: 116.6 MB.
System memory in use after: 116.8 MB.

Unloading 30 unused Assets to reduce memory usage. Loaded Objects now: 2746.
Total: 2.138700 ms (FindLiveObjects: 0.299600 ms CreateObjectMapping: 0.063100 ms MarkObjects: 1.677100 ms  DeleteObjects: 0.097900 ms)

========================================================================
Received Prepare
Registering precompiled user dll's ...
Registered in 0.001853 seconds.
Begin MonoManager ReloadAssembly
Native extension for LinuxStandalone target not found
Native extension for WindowsStandalone target not found
Native extension for OSXStandalone target not found
Refreshing native plugins compatible for Editor in 0.83 ms, found 4 plugins.
Preloading 1 native plugins for Editor in 0.06 ms.
Invoked RoslynAnalysisRunner static constructor.
RoslynAnalysisRunner will not be running.
RoslynAnalysisRunner has terminated.
Mono: successfully reloaded assembly
- Completed reload, in  0.727 seconds
Platform modules already initialized, skipping
Shader 'Oculus/OVRMRCameraFrameLit': fallback shader 'Alpha-Diffuse' not found
Refreshing native plugins compatible for Editor in 0.81 ms, found 4 plugins.
Preloading 1 native plugins for Editor in 0.04 ms.
Unloading 2036 Unused Serialized files (Serialized files now loaded: 0)
System memory in use before: 116.6 MB.
System memory in use after: 116.8 MB.

Unloading 30 unused Assets to reduce memory usage. Loaded Objects now: 2749.
Total: 2.124900 ms (FindLiveObjects: 0.309800 ms CreateObjectMapping: 0.063100 ms MarkObjects: 1.653600 ms  DeleteObjects: 0.097500 ms)

AssetImportWorkerClient::OnTransportError - code=2 error=End of file
